<?xml version="1.0" encoding="UTF-8"?>
<!-- Generated by org.testng.reporters.JUnitReportReporter -->
<testsuite hostname="DESKTOP-A8LEIQL" failures="0" tests="1" name="com.dd.testcases.TC_MyaccountPage" time="0.786" errors="0" timestamp="2025-08-28T16:42:12 IST" skipped="0">
  <testcase classname="com.dd.testcases.TC_MyaccountPage" name="verifyLogin" time="0.786"/>
</testsuite> <!-- com.dd.testcases.TC_MyaccountPage -->
