<?xml version="1.0" encoding="UTF-8"?>
<!-- Generated by org.testng.reporters.JUnitReportReporter -->
<testsuite hostname="DESKTOP-A8LEIQL" failures="0" tests="1" name="com.dd.testcases.TC_MyaccountPage" time="1.051" errors="0" timestamp="2025-08-28T15:41:49 IST" skipped="0">
  <testcase classname="com.dd.testcases.TC_MyaccountPage" name="verifyLogin" time="1.051"/>
</testsuite> <!-- com.dd.testcases.TC_MyaccountPage -->
